Alpha: 0.01
No of iterations: 3
Matrix Y: [[ 0.3629]
 [-0.1082]
 [ 2.3801]
 [ 2.1829]
 [ 0.5961]
 [ 0.8573]
 [ 1.3362]
 [-1.1313]
 [ 0.0902]
 [ 0.797 ]
 [-0.2819]
 [ 1.4759]
 [-0.9591]
 [-0.761 ]
 [-0.6374]
 [-0.9528]
 [ 0.464 ]
 [-0.6488]
 [ 2.3473]
 [ 0.215 ]
 [-0.4817]
 [ 2.3346]
 [ 2.8227]
 [ 0.6464]
 [-1.2214]
 [-0.269 ]
 [-0.1673]
 [ 0.4101]
 [-0.2071]
 [ 0.9114]
 [ 1.3248]
 [-0.2083]
 [-0.9205]
 [-0.1956]
 [ 0.1346]
 [ 0.5022]
 [ 0.6082]
 [-1.475 ]
 [-0.7101]
 [ 2.0906]
 [-1.8544]
 [ 2.2053]
 [ 1.0893]
 [ 0.9331]
 [ 1.0268]
 [-0.5504]
 [ 0.3065]
 [ 1.912 ]
 [ 0.8692]
 [ 0.127 ]]
Matrix X: [[ 1.      0.0657]
 [ 1.     -0.2985]
 [ 1.      0.878 ]
 [ 1.      0.7519]
 [ 1.      0.1003]
 [ 1.      0.245 ]
 [ 1.      0.1741]
 [ 1.     -0.5845]
 [ 1.     -0.3975]
 [ 1.     -0.0582]
 [ 1.     -0.539 ]
 [ 1.      0.6886]
 [ 1.     -0.6105]
 [ 1.     -0.5482]
 [ 1.     -0.6586]
 [ 1.     -0.5447]
 [ 1.     -0.1286]
 [ 1.     -0.3778]
 [ 1.      0.8468]
 [ 1.     -0.1396]
 [ 1.     -0.6304]
 [ 1.      0.8098]
 [ 1.      0.9595]
 [ 1.     -0.1223]
 [ 1.     -0.7778]
 [ 1.     -0.4839]
 [ 1.     -0.1826]
 [ 1.      0.1898]
 [ 1.     -0.4756]
 [ 1.      0.2057]
 [ 1.      0.4224]
 [ 1.     -0.5565]
 [ 1.     -0.7652]
 [ 1.     -0.4066]
 [ 1.     -0.3624]
 [ 1.     -0.1517]
 [ 1.      0.0157]
 [ 1.     -0.829 ]
 [ 1.     -0.475 ]
 [ 1.      0.602 ]
 [ 1.     -0.9416]
 [ 1.      0.8577]
 [ 1.      0.4607]
 [ 1.     -0.0228]
 [ 1.      0.1571]
 [ 1.     -0.5254]
 [ 1.     -0.0823]
 [ 1.      0.9262]
 [ 1.      0.0936]
 [ 1.      0.0423]]
Beta: [[ 0.196184  ]
 [ 0.26983258]]
